<?xml version="1.0" encoding="UTF-8"?>
<testsuite name="com.userbackend.jwt.UserServiceTest" tests="16" skipped="0" failures="0" errors="0" timestamp="2025-08-08T18:15:01.182Z" hostname="MINIPC_FREDDY" time="0.474">
  <properties/>
  <testcase name="testLoadUser" classname="com.userbackend.jwt.UserServiceTest" time="0.442"/>
  <testcase name="loadUserIsNotPresent" classname="com.userbackend.jwt.UserServiceTest" time="0.002"/>
  <testcase name="testUserExistException" classname="com.userbackend.jwt.UserServiceTest" time="0.006"/>
  <testcase name="testLoadUserInvalidTokenExceptionAuth" classname="com.userbackend.jwt.UserServiceTest" time="0.0"/>
  <testcase name="testInvalidTokenException" classname="com.userbackend.jwt.UserServiceTest" time="0.0"/>
  <testcase name="testInvalidEmailException" classname="com.userbackend.jwt.UserServiceTest" time="0.0"/>
  <testcase name="save" classname="com.userbackend.jwt.UserServiceTest" time="0.011"/>
  <testcase name="testInvalidPasswordException" classname="com.userbackend.jwt.UserServiceTest" time="0.001"/>
  <testcase name="getValuesProperties" classname="com.userbackend.jwt.UserServiceTest" time="0.0"/>
  <testcase name="testLoadUserInvalidTokenException" classname="com.userbackend.jwt.UserServiceTest" time="0.001"/>
  <testcase name="testLoadUserInvalidTokenExceptionAuthEmail" classname="com.userbackend.jwt.UserServiceTest" time="0.0"/>
  <testcase name="testInvalidFormatPasswordException" classname="com.userbackend.jwt.UserServiceTest" time="0.0"/>
  <testcase name="testSizeInvalidPasswordException" classname="com.userbackend.jwt.UserServiceTest" time="0.0"/>
  <testcase name="testInvalidFormatEmailException" classname="com.userbackend.jwt.UserServiceTest" time="0.0"/>
  <testcase name="findByEmail" classname="com.userbackend.jwt.UserServiceTest" time="0.0"/>
  <testcase name="saveWithoutNameAndPhones" classname="com.userbackend.jwt.UserServiceTest" time="0.002"/>
  <system-out><![CDATA[]]></system-out>
  <system-err><![CDATA[]]></system-err>
</testsuite>
